<?xml version="1.0" encoding="UTF-8"?>
<!-- Generated by org.testng.reporters.JUnitReportReporter -->
<testsuite hostname="Vineetkumar" failures="0" tests="2" name="Partnerapp.AddPartner" time="31.956" errors="0" timestamp="2024-06-05T16:16:35 IST" skipped="0">
  <testcase classname="Partnerapp.AddPartner" name="addclient" time="6.197"/>
  <system-out/>
  <testcase classname="Partnerapp.AddPartner" name="addPartnerTest" time="25.759"/>
  <system-out/>
</testsuite> <!-- Partnerapp.AddPartner -->
